<?xml version="1.0" encoding="UTF-8"?>
<testng-results ignored="0" total="0" passed="0" failed="0" skipped="0">
  <reporter-output>
  </reporter-output>
  <suite started-at="2024-02-24T15:00:06 IST" name="com.incubyte.runner.TestRunner" finished-at="2024-02-24T15:00:07 IST" duration-ms="15">
    <groups>
    </groups>
    <test started-at="2024-02-24T15:00:06 IST" name="Command line test" finished-at="2024-02-24T15:00:07 IST" duration-ms="15">
    </test> <!-- Command line test -->
  </suite> <!-- com.incubyte.runner.TestRunner -->
</testng-results>
